2025-05-18T01:33:19.666-03:00  INFO 10822 --- [api-base] [restartedMain] c.u.flexinventory.base.BaseApplication   : Starting BaseApplication using Java 17.0.13 with PID 10822 (/home/milton-gomez/Desktop/Proyectos/FlexInventory/Backend/api-base/target/classes started by milton-gomez in /home/milton-gomez/Desktop/Proyectos/FlexInventory/Backend/api-base)
2025-05-18T01:33:19.680-03:00 DEBUG 10822 --- [api-base] [restartedMain] c.u.flexinventory.base.BaseApplication   : Running with Spring Boot v3.3.4, Spring v6.1.13
2025-05-18T01:33:19.682-03:00  INFO 10822 --- [api-base] [restartedMain] c.u.flexinventory.base.BaseApplication   : No active profile set, falling back to 1 default profile: "default"
2025-05-18T01:33:19.802-03:00  INFO 10822 --- [api-base] [restartedMain] .e.DevToolsPropertyDefaultsPostProcessor : Devtools property defaults active! Set 'spring.devtools.add-properties' to 'false' to disable
2025-05-18T01:33:19.803-03:00  INFO 10822 --- [api-base] [restartedMain] .e.DevToolsPropertyDefaultsPostProcessor : For additional web related logging consider setting the 'logging.level.web' property to 'DEBUG'
2025-05-18T01:33:21.270-03:00  INFO 10822 --- [api-base] [restartedMain] .s.d.r.c.RepositoryConfigurationDelegate : Bootstrapping Spring Data JPA repositories in DEFAULT mode.
2025-05-18T01:33:21.320-03:00  INFO 10822 --- [api-base] [restartedMain] .s.d.r.c.RepositoryConfigurationDelegate : Finished Spring Data repository scanning in 43 ms. Found 4 JPA repository interfaces.
2025-05-18T01:33:21.642-03:00  INFO 10822 --- [api-base] [restartedMain] o.s.b.w.embedded.tomcat.TomcatWebServer  : Tomcat initialized with port 8080 (http)
2025-05-18T01:33:21.654-03:00  INFO 10822 --- [api-base] [restartedMain] o.apache.catalina.core.StandardService   : Starting service [Tomcat]
2025-05-18T01:33:21.654-03:00  INFO 10822 --- [api-base] [restartedMain] o.apache.catalina.core.StandardEngine    : Starting Servlet engine: [Apache Tomcat/10.1.30]
2025-05-18T01:33:21.685-03:00  INFO 10822 --- [api-base] [restartedMain] o.a.c.c.C.[Tomcat].[localhost].[/]       : Initializing Spring embedded WebApplicationContext
2025-05-18T01:33:21.686-03:00  INFO 10822 --- [api-base] [restartedMain] w.s.c.ServletWebServerApplicationContext : Root WebApplicationContext: initialization completed in 1882 ms
2025-05-18T01:33:21.704-03:00  INFO 10822 --- [api-base] [restartedMain] com.zaxxer.hikari.HikariDataSource       : HikariPool-1 - Starting...
2025-05-18T01:33:21.867-03:00  INFO 10822 --- [api-base] [restartedMain] com.zaxxer.hikari.pool.HikariPool        : HikariPool-1 - Added connection org.postgresql.jdbc.PgConnection@69ee15b8
2025-05-18T01:33:21.871-03:00  INFO 10822 --- [api-base] [restartedMain] com.zaxxer.hikari.HikariDataSource       : HikariPool-1 - Start completed.
2025-05-18T01:33:21.892-03:00  INFO 10822 --- [api-base] [restartedMain] o.s.b.a.h2.H2ConsoleAutoConfiguration    : H2 console available at '/h2-console'. Database available at 'jdbc:postgresql://localhost:5432/flexinventory'
2025-05-18T01:33:22.885-03:00  INFO 10822 --- [api-base] [restartedMain] o.s.o.j.p.SpringPersistenceUnitInfo      : No LoadTimeWeaver setup: ignoring JPA class transformer
2025-05-18T01:33:24.034-03:00  INFO 10822 --- [api-base] [restartedMain] j.LocalContainerEntityManagerFactoryBean : Initialized JPA EntityManagerFactory for persistence unit 'default'
2025-05-18T01:33:24.039-03:00  INFO 10822 --- [api-base] [restartedMain] c.u.f.base.Resource.ResourceItem         : --------------------| Handler Registry - Se a単ade el atributo: PROVEEDOR |--------------------
2025-05-18T01:33:24.266-03:00 DEBUG 10822 --- [api-base] [restartedMain] s.w.s.m.m.a.RequestMappingHandlerMapping : 25 mappings in 'requestMappingHandlerMapping'
2025-05-18T01:33:24.300-03:00 DEBUG 10822 --- [api-base] [restartedMain] o.s.w.s.handler.SimpleUrlHandlerMapping  : Patterns [/webjars/**, /**, /swagger-ui*/*swagger-initializer.js, /swagger-ui*/**] in 'resourceHandlerMapping'
2025-05-18T01:33:24.315-03:00 DEBUG 10822 --- [api-base] [restartedMain] s.w.s.m.m.a.RequestMappingHandlerAdapter : ControllerAdvice beans: 0 @ModelAttribute, 0 @InitBinder, 1 RequestBodyAdvice, 1 ResponseBodyAdvice
2025-05-18T01:33:24.331-03:00 DEBUG 10822 --- [api-base] [restartedMain] .m.m.a.ExceptionHandlerExceptionResolver : ControllerAdvice beans: 1 @ExceptionHandler, 1 ResponseBodyAdvice
2025-05-18T01:33:24.422-03:00  INFO 10822 --- [api-base] [restartedMain] o.s.b.d.a.OptionalLiveReloadServer       : LiveReload server is running on port 35729
2025-05-18T01:33:24.496-03:00  INFO 10822 --- [api-base] [restartedMain] o.s.b.w.embedded.tomcat.TomcatWebServer  : Tomcat started on port 8080 (http) with context path '/'
2025-05-18T01:33:24.530-03:00  INFO 10822 --- [api-base] [restartedMain] c.u.flexinventory.base.BaseApplication   : Started BaseApplication in 5.659 seconds (process running for 6.533)
2025-05-18T01:34:08.753-03:00  INFO 10822 --- [api-base] [http-nio-8080-exec-2] o.a.c.c.C.[Tomcat].[localhost].[/]       : Initializing Spring DispatcherServlet 'dispatcherServlet'
2025-05-18T01:34:08.753-03:00  INFO 10822 --- [api-base] [http-nio-8080-exec-2] o.s.web.servlet.DispatcherServlet        : Initializing Servlet 'dispatcherServlet'
2025-05-18T01:34:08.753-03:00 DEBUG 10822 --- [api-base] [http-nio-8080-exec-2] o.s.web.servlet.DispatcherServlet        : Detected StandardServletMultipartResolver
2025-05-18T01:34:08.753-03:00 DEBUG 10822 --- [api-base] [http-nio-8080-exec-2] o.s.web.servlet.DispatcherServlet        : Detected AcceptHeaderLocaleResolver
2025-05-18T01:34:08.753-03:00 DEBUG 10822 --- [api-base] [http-nio-8080-exec-2] o.s.web.servlet.DispatcherServlet        : Detected FixedThemeResolver
2025-05-18T01:34:08.754-03:00 DEBUG 10822 --- [api-base] [http-nio-8080-exec-2] o.s.web.servlet.DispatcherServlet        : Detected org.springframework.web.servlet.view.DefaultRequestToViewNameTranslator@5366ef6a
2025-05-18T01:34:08.754-03:00 DEBUG 10822 --- [api-base] [http-nio-8080-exec-2] o.s.web.servlet.DispatcherServlet        : Detected org.springframework.web.servlet.support.SessionFlashMapManager@28c82e11
2025-05-18T01:34:08.754-03:00 DEBUG 10822 --- [api-base] [http-nio-8080-exec-2] o.s.web.servlet.DispatcherServlet        : enableLoggingRequestDetails='false': request parameters and headers will be masked to prevent unsafe logging of potentially sensitive data
2025-05-18T01:34:08.754-03:00  INFO 10822 --- [api-base] [http-nio-8080-exec-2] o.s.web.servlet.DispatcherServlet        : Completed initialization in 1 ms
2025-05-18T01:34:08.758-03:00 DEBUG 10822 --- [api-base] [http-nio-8080-exec-2] o.s.web.servlet.DispatcherServlet        : GET "/inventory/all", parameters={}
2025-05-18T01:34:08.758-03:00 DEBUG 10822 --- [api-base] [http-nio-8080-exec-1] o.s.web.servlet.DispatcherServlet        : GET "/inventory/1", parameters={}
2025-05-18T01:34:08.763-03:00 DEBUG 10822 --- [api-base] [http-nio-8080-exec-2] s.w.s.m.m.a.RequestMappingHandlerMapping : Mapped to com.untdf.flexinventory.base.Resource.ResourceInventory#getAllInventories()
2025-05-18T01:34:08.763-03:00 DEBUG 10822 --- [api-base] [http-nio-8080-exec-1] s.w.s.m.m.a.RequestMappingHandlerMapping : Mapped to com.untdf.flexinventory.base.Resource.ResourceInventory#getInventory(Integer)
2025-05-18T01:34:08.844-03:00 DEBUG 10822 --- [api-base] [http-nio-8080-exec-2] o.s.w.s.m.m.a.HttpEntityMethodProcessor  : Using 'application/json', given [application/json, text/plain, */*] and supported [application/json, application/*+json]
2025-05-18T01:34:08.845-03:00 DEBUG 10822 --- [api-base] [http-nio-8080-exec-2] o.s.w.s.m.m.a.HttpEntityMethodProcessor  : Writing [[com.untdf.flexinventory.base.Transferable.TransferableInventory@23a2c1a9, com.untdf.flexinventory.b (truncated)...]
2025-05-18T01:34:08.857-03:00 DEBUG 10822 --- [api-base] [http-nio-8080-exec-1] o.s.w.s.m.m.a.HttpEntityMethodProcessor  : Using 'application/json', given [application/json, text/plain, */*] and supported [application/json, application/*+json]
2025-05-18T01:34:08.857-03:00 DEBUG 10822 --- [api-base] [http-nio-8080-exec-1] o.s.w.s.m.m.a.HttpEntityMethodProcessor  : Writing [com.untdf.flexinventory.base.Transferable.TransferableInventory@3646fdc2]
2025-05-18T01:34:08.865-03:00 DEBUG 10822 --- [api-base] [http-nio-8080-exec-1] o.s.web.servlet.DispatcherServlet        : Completed 200 OK
2025-05-18T01:34:08.865-03:00 DEBUG 10822 --- [api-base] [http-nio-8080-exec-2] o.s.web.servlet.DispatcherServlet        : Completed 200 OK
2025-05-18T01:34:56.807-03:00  INFO 10822 --- [api-base] [SpringApplicationShutdownHook] j.LocalContainerEntityManagerFactoryBean : Closing JPA EntityManagerFactory for persistence unit 'default'
2025-05-18T01:34:56.815-03:00  INFO 10822 --- [api-base] [SpringApplicationShutdownHook] com.zaxxer.hikari.HikariDataSource       : HikariPool-1 - Shutdown initiated...
2025-05-18T01:34:56.821-03:00  INFO 10822 --- [api-base] [SpringApplicationShutdownHook] com.zaxxer.hikari.HikariDataSource       : HikariPool-1 - Shutdown completed.
2025-05-18T16:17:23.979-03:00  INFO 16104 --- [api-base] [restartedMain] c.u.flexinventory.base.BaseApplication   : Starting BaseApplication using Java 17.0.13 with PID 16104 (/home/milton-gomez/Desktop/Proyectos/FlexInventory/Backend/api-base/target/classes started by milton-gomez in /home/milton-gomez/Desktop/Proyectos/FlexInventory/Backend/api-base)
2025-05-18T16:17:23.980-03:00 DEBUG 16104 --- [api-base] [restartedMain] c.u.flexinventory.base.BaseApplication   : Running with Spring Boot v3.3.4, Spring v6.1.13
2025-05-18T16:17:23.980-03:00  INFO 16104 --- [api-base] [restartedMain] c.u.flexinventory.base.BaseApplication   : No active profile set, falling back to 1 default profile: "default"
2025-05-18T16:17:24.000-03:00  INFO 16104 --- [api-base] [restartedMain] .e.DevToolsPropertyDefaultsPostProcessor : Devtools property defaults active! Set 'spring.devtools.add-properties' to 'false' to disable
2025-05-18T16:17:24.000-03:00  INFO 16104 --- [api-base] [restartedMain] .e.DevToolsPropertyDefaultsPostProcessor : For additional web related logging consider setting the 'logging.level.web' property to 'DEBUG'
2025-05-18T16:17:24.541-03:00  INFO 16104 --- [api-base] [restartedMain] .s.d.r.c.RepositoryConfigurationDelegate : Bootstrapping Spring Data JPA repositories in DEFAULT mode.
2025-05-18T16:17:24.569-03:00  INFO 16104 --- [api-base] [restartedMain] .s.d.r.c.RepositoryConfigurationDelegate : Finished Spring Data repository scanning in 25 ms. Found 4 JPA repository interfaces.
2025-05-18T16:17:25.119-03:00  INFO 16104 --- [api-base] [restartedMain] o.s.b.w.embedded.tomcat.TomcatWebServer  : Tomcat initialized with port 8080 (http)
2025-05-18T16:17:25.125-03:00  INFO 16104 --- [api-base] [restartedMain] o.apache.catalina.core.StandardService   : Starting service [Tomcat]
2025-05-18T16:17:25.125-03:00  INFO 16104 --- [api-base] [restartedMain] o.apache.catalina.core.StandardEngine    : Starting Servlet engine: [Apache Tomcat/10.1.30]
2025-05-18T16:17:25.145-03:00  INFO 16104 --- [api-base] [restartedMain] o.a.c.c.C.[Tomcat].[localhost].[/]       : Initializing Spring embedded WebApplicationContext
2025-05-18T16:17:25.145-03:00  INFO 16104 --- [api-base] [restartedMain] w.s.c.ServletWebServerApplicationContext : Root WebApplicationContext: initialization completed in 1145 ms
2025-05-18T16:17:25.161-03:00  INFO 16104 --- [api-base] [restartedMain] com.zaxxer.hikari.HikariDataSource       : HikariPool-1 - Starting...
2025-05-18T16:17:25.381-03:00  INFO 16104 --- [api-base] [restartedMain] com.zaxxer.hikari.pool.HikariPool        : HikariPool-1 - Added connection org.postgresql.jdbc.PgConnection@6747126e
2025-05-18T16:17:25.385-03:00  INFO 16104 --- [api-base] [restartedMain] com.zaxxer.hikari.HikariDataSource       : HikariPool-1 - Start completed.
2025-05-18T16:17:25.411-03:00  INFO 16104 --- [api-base] [restartedMain] o.s.b.a.h2.H2ConsoleAutoConfiguration    : H2 console available at '/h2-console'. Database available at 'jdbc:postgresql://localhost:5432/flexinventory'
2025-05-18T16:17:25.771-03:00  INFO 16104 --- [api-base] [restartedMain] o.s.o.j.p.SpringPersistenceUnitInfo      : No LoadTimeWeaver setup: ignoring JPA class transformer
2025-05-18T16:17:26.167-03:00  INFO 16104 --- [api-base] [restartedMain] j.LocalContainerEntityManagerFactoryBean : Initialized JPA EntityManagerFactory for persistence unit 'default'
2025-05-18T16:17:26.171-03:00  INFO 16104 --- [api-base] [restartedMain] c.u.f.base.Resource.ResourceItem         : --------------------| Handler Registry - Se a単ade el atributo: PROVEEDOR |--------------------
2025-05-18T16:17:26.606-03:00 DEBUG 16104 --- [api-base] [restartedMain] s.w.s.m.m.a.RequestMappingHandlerMapping : 25 mappings in 'requestMappingHandlerMapping'
2025-05-18T16:17:26.759-03:00 DEBUG 16104 --- [api-base] [restartedMain] o.s.w.s.handler.SimpleUrlHandlerMapping  : Patterns [/webjars/**, /**, /swagger-ui*/*swagger-initializer.js, /swagger-ui*/**] in 'resourceHandlerMapping'
2025-05-18T16:17:26.779-03:00 DEBUG 16104 --- [api-base] [restartedMain] s.w.s.m.m.a.RequestMappingHandlerAdapter : ControllerAdvice beans: 0 @ModelAttribute, 0 @InitBinder, 1 RequestBodyAdvice, 1 ResponseBodyAdvice
2025-05-18T16:17:26.794-03:00 DEBUG 16104 --- [api-base] [restartedMain] .m.m.a.ExceptionHandlerExceptionResolver : ControllerAdvice beans: 1 @ExceptionHandler, 1 ResponseBodyAdvice
2025-05-18T16:17:26.864-03:00  INFO 16104 --- [api-base] [restartedMain] o.s.b.d.a.OptionalLiveReloadServer       : LiveReload server is running on port 35729
2025-05-18T16:17:26.904-03:00  WARN 16104 --- [api-base] [restartedMain] ConfigServletWebServerApplicationContext : Exception encountered during context initialization - cancelling refresh attempt: org.springframework.context.ApplicationContextException: Failed to start bean 'webServerStartStop'
2025-05-18T16:17:26.908-03:00  INFO 16104 --- [api-base] [restartedMain] j.LocalContainerEntityManagerFactoryBean : Closing JPA EntityManagerFactory for persistence unit 'default'
2025-05-18T16:17:26.925-03:00  INFO 16104 --- [api-base] [restartedMain] com.zaxxer.hikari.HikariDataSource       : HikariPool-1 - Shutdown initiated...
2025-05-18T16:17:26.929-03:00  INFO 16104 --- [api-base] [restartedMain] com.zaxxer.hikari.HikariDataSource       : HikariPool-1 - Shutdown completed.
2025-05-18T16:17:26.969-03:00  INFO 16104 --- [api-base] [restartedMain] .s.b.a.l.ConditionEvaluationReportLogger : 

Error starting ApplicationContext. To display the condition evaluation report re-run your application with 'debug' enabled.
2025-05-18T16:17:27.008-03:00 ERROR 16104 --- [api-base] [restartedMain] o.s.b.d.LoggingFailureAnalysisReporter   : 

***************************
APPLICATION FAILED TO START
***************************

Description:

Web server failed to start. Port 8080 was already in use.

Action:

Identify and stop the process that's listening on port 8080 or configure this application to listen on another port.

2025-05-18T16:18:38.308-03:00  INFO 16365 --- [api-base] [restartedMain] c.u.flexinventory.base.BaseApplication   : Starting BaseApplication using Java 17.0.13 with PID 16365 (/home/milton-gomez/Desktop/Proyectos/FlexInventory/Backend/api-base/target/classes started by milton-gomez in /home/milton-gomez/Desktop/Proyectos/FlexInventory/Backend/api-base)
2025-05-18T16:18:38.311-03:00 DEBUG 16365 --- [api-base] [restartedMain] c.u.flexinventory.base.BaseApplication   : Running with Spring Boot v3.3.4, Spring v6.1.13
2025-05-18T16:18:38.313-03:00  INFO 16365 --- [api-base] [restartedMain] c.u.flexinventory.base.BaseApplication   : No active profile set, falling back to 1 default profile: "default"
2025-05-18T16:18:38.414-03:00  INFO 16365 --- [api-base] [restartedMain] .e.DevToolsPropertyDefaultsPostProcessor : Devtools property defaults active! Set 'spring.devtools.add-properties' to 'false' to disable
2025-05-18T16:18:38.415-03:00  INFO 16365 --- [api-base] [restartedMain] .e.DevToolsPropertyDefaultsPostProcessor : For additional web related logging consider setting the 'logging.level.web' property to 'DEBUG'
2025-05-18T16:18:39.010-03:00  INFO 16365 --- [api-base] [restartedMain] .s.d.r.c.RepositoryConfigurationDelegate : Bootstrapping Spring Data JPA repositories in DEFAULT mode.
2025-05-18T16:18:39.039-03:00  INFO 16365 --- [api-base] [restartedMain] .s.d.r.c.RepositoryConfigurationDelegate : Finished Spring Data repository scanning in 25 ms. Found 4 JPA repository interfaces.
2025-05-18T16:18:39.464-03:00  INFO 16365 --- [api-base] [restartedMain] o.s.b.w.embedded.tomcat.TomcatWebServer  : Tomcat initialized with port 8081 (http)
2025-05-18T16:18:39.470-03:00  INFO 16365 --- [api-base] [restartedMain] o.apache.catalina.core.StandardService   : Starting service [Tomcat]
2025-05-18T16:18:39.470-03:00  INFO 16365 --- [api-base] [restartedMain] o.apache.catalina.core.StandardEngine    : Starting Servlet engine: [Apache Tomcat/10.1.30]
2025-05-18T16:18:39.490-03:00  INFO 16365 --- [api-base] [restartedMain] o.a.c.c.C.[Tomcat].[localhost].[/]       : Initializing Spring embedded WebApplicationContext
2025-05-18T16:18:39.490-03:00  INFO 16365 --- [api-base] [restartedMain] w.s.c.ServletWebServerApplicationContext : Root WebApplicationContext: initialization completed in 1074 ms
2025-05-18T16:18:39.506-03:00  INFO 16365 --- [api-base] [restartedMain] com.zaxxer.hikari.HikariDataSource       : HikariPool-1 - Starting...
2025-05-18T16:18:39.577-03:00  INFO 16365 --- [api-base] [restartedMain] com.zaxxer.hikari.pool.HikariPool        : HikariPool-1 - Added connection org.postgresql.jdbc.PgConnection@223558d4
2025-05-18T16:18:39.578-03:00  INFO 16365 --- [api-base] [restartedMain] com.zaxxer.hikari.HikariDataSource       : HikariPool-1 - Start completed.
2025-05-18T16:18:39.583-03:00  INFO 16365 --- [api-base] [restartedMain] o.s.b.a.h2.H2ConsoleAutoConfiguration    : H2 console available at '/h2-console'. Database available at 'jdbc:postgresql://localhost:5432/flexinventory'
2025-05-18T16:18:39.771-03:00  INFO 16365 --- [api-base] [restartedMain] o.s.o.j.p.SpringPersistenceUnitInfo      : No LoadTimeWeaver setup: ignoring JPA class transformer
2025-05-18T16:18:40.177-03:00  INFO 16365 --- [api-base] [restartedMain] j.LocalContainerEntityManagerFactoryBean : Initialized JPA EntityManagerFactory for persistence unit 'default'
2025-05-18T16:18:40.181-03:00  INFO 16365 --- [api-base] [restartedMain] c.u.f.base.Resource.ResourceItem         : --------------------| Handler Registry - Se a単ade el atributo: PROVEEDOR |--------------------
2025-05-18T16:18:40.612-03:00 DEBUG 16365 --- [api-base] [restartedMain] s.w.s.m.m.a.RequestMappingHandlerMapping : 25 mappings in 'requestMappingHandlerMapping'
2025-05-18T16:18:40.645-03:00 DEBUG 16365 --- [api-base] [restartedMain] o.s.w.s.handler.SimpleUrlHandlerMapping  : Patterns [/webjars/**, /**, /swagger-ui*/*swagger-initializer.js, /swagger-ui*/**] in 'resourceHandlerMapping'
2025-05-18T16:18:40.659-03:00 DEBUG 16365 --- [api-base] [restartedMain] s.w.s.m.m.a.RequestMappingHandlerAdapter : ControllerAdvice beans: 0 @ModelAttribute, 0 @InitBinder, 1 RequestBodyAdvice, 1 ResponseBodyAdvice
2025-05-18T16:18:40.675-03:00 DEBUG 16365 --- [api-base] [restartedMain] .m.m.a.ExceptionHandlerExceptionResolver : ControllerAdvice beans: 1 @ExceptionHandler, 1 ResponseBodyAdvice
2025-05-18T16:18:40.733-03:00  INFO 16365 --- [api-base] [restartedMain] o.s.b.d.a.OptionalLiveReloadServer       : LiveReload server is running on port 35729
2025-05-18T16:18:40.749-03:00  INFO 16365 --- [api-base] [restartedMain] o.s.b.w.embedded.tomcat.TomcatWebServer  : Tomcat started on port 8081 (http) with context path '/'
2025-05-18T16:18:40.755-03:00  INFO 16365 --- [api-base] [restartedMain] c.u.flexinventory.base.BaseApplication   : Started BaseApplication in 3.031 seconds (process running for 3.27)
2025-05-18T16:19:42.055-03:00  INFO 16365 --- [api-base] [http-nio-8081-exec-1] o.a.c.c.C.[Tomcat].[localhost].[/]       : Initializing Spring DispatcherServlet 'dispatcherServlet'
2025-05-18T16:19:42.056-03:00  INFO 16365 --- [api-base] [http-nio-8081-exec-1] o.s.web.servlet.DispatcherServlet        : Initializing Servlet 'dispatcherServlet'
2025-05-18T16:19:42.056-03:00 DEBUG 16365 --- [api-base] [http-nio-8081-exec-1] o.s.web.servlet.DispatcherServlet        : Detected StandardServletMultipartResolver
2025-05-18T16:19:42.057-03:00 DEBUG 16365 --- [api-base] [http-nio-8081-exec-1] o.s.web.servlet.DispatcherServlet        : Detected AcceptHeaderLocaleResolver
2025-05-18T16:19:42.057-03:00 DEBUG 16365 --- [api-base] [http-nio-8081-exec-1] o.s.web.servlet.DispatcherServlet        : Detected FixedThemeResolver
2025-05-18T16:19:42.059-03:00 DEBUG 16365 --- [api-base] [http-nio-8081-exec-1] o.s.web.servlet.DispatcherServlet        : Detected org.springframework.web.servlet.view.DefaultRequestToViewNameTranslator@25bae1b6
2025-05-18T16:19:42.060-03:00 DEBUG 16365 --- [api-base] [http-nio-8081-exec-1] o.s.web.servlet.DispatcherServlet        : Detected org.springframework.web.servlet.support.SessionFlashMapManager@604be950
2025-05-18T16:19:42.061-03:00 DEBUG 16365 --- [api-base] [http-nio-8081-exec-1] o.s.web.servlet.DispatcherServlet        : enableLoggingRequestDetails='false': request parameters and headers will be masked to prevent unsafe logging of potentially sensitive data
2025-05-18T16:19:42.062-03:00  INFO 16365 --- [api-base] [http-nio-8081-exec-1] o.s.web.servlet.DispatcherServlet        : Completed initialization in 6 ms
2025-05-18T16:19:42.080-03:00 DEBUG 16365 --- [api-base] [http-nio-8081-exec-1] o.s.web.servlet.DispatcherServlet        : GET "/inventory/1", parameters={}
2025-05-18T16:19:42.080-03:00 DEBUG 16365 --- [api-base] [http-nio-8081-exec-2] o.s.web.servlet.DispatcherServlet        : GET "/inventory/all", parameters={}
2025-05-18T16:19:42.101-03:00 DEBUG 16365 --- [api-base] [http-nio-8081-exec-2] s.w.s.m.m.a.RequestMappingHandlerMapping : Mapped to com.untdf.flexinventory.base.Resource.ResourceInventory#getAllInventories()
2025-05-18T16:19:42.101-03:00 DEBUG 16365 --- [api-base] [http-nio-8081-exec-1] s.w.s.m.m.a.RequestMappingHandlerMapping : Mapped to com.untdf.flexinventory.base.Resource.ResourceInventory#getInventory(Integer)
2025-05-18T16:19:42.408-03:00 DEBUG 16365 --- [api-base] [http-nio-8081-exec-2] o.s.w.s.m.m.a.HttpEntityMethodProcessor  : Using 'application/json', given [application/json, text/plain, */*] and supported [application/json, application/*+json]
2025-05-18T16:19:42.409-03:00 DEBUG 16365 --- [api-base] [http-nio-8081-exec-2] o.s.w.s.m.m.a.HttpEntityMethodProcessor  : Writing [[com.untdf.flexinventory.base.Transferable.TransferableInventory@9b58fa6, com.untdf.flexinventory.ba (truncated)...]
2025-05-18T16:19:42.411-03:00 DEBUG 16365 --- [api-base] [http-nio-8081-exec-1] o.s.w.s.m.m.a.HttpEntityMethodProcessor  : Using 'application/json', given [application/json, text/plain, */*] and supported [application/json, application/*+json]
2025-05-18T16:19:42.411-03:00 DEBUG 16365 --- [api-base] [http-nio-8081-exec-1] o.s.w.s.m.m.a.HttpEntityMethodProcessor  : Writing [com.untdf.flexinventory.base.Transferable.TransferableInventory@70def518]
2025-05-18T16:19:42.438-03:00 DEBUG 16365 --- [api-base] [http-nio-8081-exec-1] o.s.web.servlet.DispatcherServlet        : Completed 200 OK
2025-05-18T16:19:42.438-03:00 DEBUG 16365 --- [api-base] [http-nio-8081-exec-2] o.s.web.servlet.DispatcherServlet        : Completed 200 OK
2025-05-18T16:47:37.353-03:00 DEBUG 16365 --- [api-base] [http-nio-8081-exec-6] o.s.web.servlet.DispatcherServlet        : GET "/inventory/all", parameters={}
2025-05-18T16:47:37.353-03:00 DEBUG 16365 --- [api-base] [http-nio-8081-exec-5] o.s.web.servlet.DispatcherServlet        : GET "/inventory/1", parameters={}
2025-05-18T16:47:37.353-03:00 DEBUG 16365 --- [api-base] [http-nio-8081-exec-6] s.w.s.m.m.a.RequestMappingHandlerMapping : Mapped to com.untdf.flexinventory.base.Resource.ResourceInventory#getAllInventories()
2025-05-18T16:47:37.354-03:00 DEBUG 16365 --- [api-base] [http-nio-8081-exec-5] s.w.s.m.m.a.RequestMappingHandlerMapping : Mapped to com.untdf.flexinventory.base.Resource.ResourceInventory#getInventory(Integer)
2025-05-18T16:47:37.386-03:00 DEBUG 16365 --- [api-base] [http-nio-8081-exec-5] o.s.w.s.m.m.a.HttpEntityMethodProcessor  : Using 'application/json', given [application/json, text/plain, */*] and supported [application/json, application/*+json]
2025-05-18T16:47:37.387-03:00 DEBUG 16365 --- [api-base] [http-nio-8081-exec-5] o.s.w.s.m.m.a.HttpEntityMethodProcessor  : Writing [com.untdf.flexinventory.base.Transferable.TransferableInventory@416f6677]
2025-05-18T16:47:37.390-03:00 DEBUG 16365 --- [api-base] [http-nio-8081-exec-5] o.s.web.servlet.DispatcherServlet        : Completed 200 OK
2025-05-18T16:47:37.390-03:00 DEBUG 16365 --- [api-base] [http-nio-8081-exec-6] o.s.w.s.m.m.a.HttpEntityMethodProcessor  : Using 'application/json', given [application/json, text/plain, */*] and supported [application/json, application/*+json]
2025-05-18T16:47:37.391-03:00 DEBUG 16365 --- [api-base] [http-nio-8081-exec-6] o.s.w.s.m.m.a.HttpEntityMethodProcessor  : Writing [[com.untdf.flexinventory.base.Transferable.TransferableInventory@59e8d32a, com.untdf.flexinventory.b (truncated)...]
2025-05-18T16:47:37.393-03:00 DEBUG 16365 --- [api-base] [http-nio-8081-exec-6] o.s.web.servlet.DispatcherServlet        : Completed 200 OK
2025-05-18T16:47:39.971-03:00 DEBUG 16365 --- [api-base] [http-nio-8081-exec-7] o.s.web.servlet.DispatcherServlet        : GET "/inventory/2", parameters={}
2025-05-18T16:47:39.974-03:00 DEBUG 16365 --- [api-base] [http-nio-8081-exec-7] s.w.s.m.m.a.RequestMappingHandlerMapping : Mapped to com.untdf.flexinventory.base.Resource.ResourceInventory#getInventory(Integer)
2025-05-18T16:47:39.993-03:00 DEBUG 16365 --- [api-base] [http-nio-8081-exec-7] o.s.w.s.m.m.a.HttpEntityMethodProcessor  : Using 'application/json', given [application/json, text/plain, */*] and supported [application/json, application/*+json]
2025-05-18T16:47:39.994-03:00 DEBUG 16365 --- [api-base] [http-nio-8081-exec-7] o.s.w.s.m.m.a.HttpEntityMethodProcessor  : Writing [com.untdf.flexinventory.base.Transferable.TransferableInventory@172937cb]
2025-05-18T16:47:39.996-03:00 DEBUG 16365 --- [api-base] [http-nio-8081-exec-7] o.s.web.servlet.DispatcherServlet        : Completed 200 OK
2025-05-18T16:47:41.858-03:00 DEBUG 16365 --- [api-base] [http-nio-8081-exec-8] o.s.web.servlet.DispatcherServlet        : GET "/inventory/1", parameters={}
2025-05-18T16:47:41.859-03:00 DEBUG 16365 --- [api-base] [http-nio-8081-exec-8] s.w.s.m.m.a.RequestMappingHandlerMapping : Mapped to com.untdf.flexinventory.base.Resource.ResourceInventory#getInventory(Integer)
2025-05-18T16:47:41.895-03:00 DEBUG 16365 --- [api-base] [http-nio-8081-exec-8] o.s.w.s.m.m.a.HttpEntityMethodProcessor  : Using 'application/json', given [application/json, text/plain, */*] and supported [application/json, application/*+json]
2025-05-18T16:47:41.895-03:00 DEBUG 16365 --- [api-base] [http-nio-8081-exec-8] o.s.w.s.m.m.a.HttpEntityMethodProcessor  : Writing [com.untdf.flexinventory.base.Transferable.TransferableInventory@5992067c]
2025-05-18T16:47:41.898-03:00 DEBUG 16365 --- [api-base] [http-nio-8081-exec-8] o.s.web.servlet.DispatcherServlet        : Completed 200 OK
2025-05-18T16:48:33.395-03:00 DEBUG 16365 --- [api-base] [http-nio-8081-exec-10] o.s.web.servlet.DispatcherServlet        : GET "/inventory/all", parameters={}
2025-05-18T16:48:33.395-03:00 DEBUG 16365 --- [api-base] [http-nio-8081-exec-9] o.s.web.servlet.DispatcherServlet        : GET "/inventory/1", parameters={}
2025-05-18T16:48:33.395-03:00 DEBUG 16365 --- [api-base] [http-nio-8081-exec-10] s.w.s.m.m.a.RequestMappingHandlerMapping : Mapped to com.untdf.flexinventory.base.Resource.ResourceInventory#getAllInventories()
2025-05-18T16:48:33.396-03:00 DEBUG 16365 --- [api-base] [http-nio-8081-exec-9] s.w.s.m.m.a.RequestMappingHandlerMapping : Mapped to com.untdf.flexinventory.base.Resource.ResourceInventory#getInventory(Integer)
2025-05-18T16:48:33.427-03:00 DEBUG 16365 --- [api-base] [http-nio-8081-exec-10] o.s.w.s.m.m.a.HttpEntityMethodProcessor  : Using 'application/json', given [application/json, text/plain, */*] and supported [application/json, application/*+json]
2025-05-18T16:48:33.428-03:00 DEBUG 16365 --- [api-base] [http-nio-8081-exec-10] o.s.w.s.m.m.a.HttpEntityMethodProcessor  : Writing [[com.untdf.flexinventory.base.Transferable.TransferableInventory@2e85ed70, com.untdf.flexinventory.b (truncated)...]
2025-05-18T16:48:33.430-03:00 DEBUG 16365 --- [api-base] [http-nio-8081-exec-9] o.s.w.s.m.m.a.HttpEntityMethodProcessor  : Using 'application/json', given [application/json, text/plain, */*] and supported [application/json, application/*+json]
2025-05-18T16:48:33.431-03:00 DEBUG 16365 --- [api-base] [http-nio-8081-exec-10] o.s.web.servlet.DispatcherServlet        : Completed 200 OK
2025-05-18T16:48:33.431-03:00 DEBUG 16365 --- [api-base] [http-nio-8081-exec-9] o.s.w.s.m.m.a.HttpEntityMethodProcessor  : Writing [com.untdf.flexinventory.base.Transferable.TransferableInventory@5d8ecbce]
2025-05-18T16:48:33.435-03:00 DEBUG 16365 --- [api-base] [http-nio-8081-exec-9] o.s.web.servlet.DispatcherServlet        : Completed 200 OK
2025-05-18T16:48:52.434-03:00 DEBUG 16365 --- [api-base] [http-nio-8081-exec-1] o.s.web.servlet.DispatcherServlet        : GET "/inventory/2", parameters={}
2025-05-18T16:48:52.435-03:00 DEBUG 16365 --- [api-base] [http-nio-8081-exec-1] s.w.s.m.m.a.RequestMappingHandlerMapping : Mapped to com.untdf.flexinventory.base.Resource.ResourceInventory#getInventory(Integer)
2025-05-18T16:48:52.452-03:00 DEBUG 16365 --- [api-base] [http-nio-8081-exec-1] o.s.w.s.m.m.a.HttpEntityMethodProcessor  : Using 'application/json', given [application/json, text/plain, */*] and supported [application/json, application/*+json]
2025-05-18T16:48:52.453-03:00 DEBUG 16365 --- [api-base] [http-nio-8081-exec-1] o.s.w.s.m.m.a.HttpEntityMethodProcessor  : Writing [com.untdf.flexinventory.base.Transferable.TransferableInventory@4033dfee]
2025-05-18T16:48:52.456-03:00 DEBUG 16365 --- [api-base] [http-nio-8081-exec-1] o.s.web.servlet.DispatcherServlet        : Completed 200 OK
2025-05-18T16:48:55.015-03:00 DEBUG 16365 --- [api-base] [http-nio-8081-exec-2] o.s.web.servlet.DispatcherServlet        : GET "/inventory/1", parameters={}
2025-05-18T16:48:55.017-03:00 DEBUG 16365 --- [api-base] [http-nio-8081-exec-2] s.w.s.m.m.a.RequestMappingHandlerMapping : Mapped to com.untdf.flexinventory.base.Resource.ResourceInventory#getInventory(Integer)
2025-05-18T16:48:55.050-03:00 DEBUG 16365 --- [api-base] [http-nio-8081-exec-2] o.s.w.s.m.m.a.HttpEntityMethodProcessor  : Using 'application/json', given [application/json, text/plain, */*] and supported [application/json, application/*+json]
2025-05-18T16:48:55.051-03:00 DEBUG 16365 --- [api-base] [http-nio-8081-exec-2] o.s.w.s.m.m.a.HttpEntityMethodProcessor  : Writing [com.untdf.flexinventory.base.Transferable.TransferableInventory@2716e192]
2025-05-18T16:48:55.053-03:00 DEBUG 16365 --- [api-base] [http-nio-8081-exec-2] o.s.web.servlet.DispatcherServlet        : Completed 200 OK
2025-05-18T17:04:59.679-03:00  INFO 16365 --- [api-base] [SpringApplicationShutdownHook] j.LocalContainerEntityManagerFactoryBean : Closing JPA EntityManagerFactory for persistence unit 'default'
2025-05-18T17:04:59.687-03:00  INFO 16365 --- [api-base] [SpringApplicationShutdownHook] com.zaxxer.hikari.HikariDataSource       : HikariPool-1 - Shutdown initiated...
2025-05-18T17:04:59.696-03:00  INFO 16365 --- [api-base] [SpringApplicationShutdownHook] com.zaxxer.hikari.HikariDataSource       : HikariPool-1 - Shutdown completed.
2025-05-18T17:09:14.615-03:00  INFO 7713 --- [api-base] [restartedMain] c.u.flexinventory.base.BaseApplication   : Starting BaseApplication using Java 17.0.13 with PID 7713 (/home/milton-gomez/Desktop/Proyectos/FlexInventory/Backend/api-base/target/classes started by milton-gomez in /home/milton-gomez/Desktop/Proyectos/FlexInventory/Backend/api-base)
2025-05-18T17:09:14.619-03:00 DEBUG 7713 --- [api-base] [restartedMain] c.u.flexinventory.base.BaseApplication   : Running with Spring Boot v3.3.4, Spring v6.1.13
2025-05-18T17:09:14.622-03:00  INFO 7713 --- [api-base] [restartedMain] c.u.flexinventory.base.BaseApplication   : No active profile set, falling back to 1 default profile: "default"
2025-05-18T17:09:14.720-03:00  INFO 7713 --- [api-base] [restartedMain] .e.DevToolsPropertyDefaultsPostProcessor : Devtools property defaults active! Set 'spring.devtools.add-properties' to 'false' to disable
2025-05-18T17:09:14.721-03:00  INFO 7713 --- [api-base] [restartedMain] .e.DevToolsPropertyDefaultsPostProcessor : For additional web related logging consider setting the 'logging.level.web' property to 'DEBUG'
2025-05-18T17:09:16.078-03:00  INFO 7713 --- [api-base] [restartedMain] .s.d.r.c.RepositoryConfigurationDelegate : Bootstrapping Spring Data JPA repositories in DEFAULT mode.
2025-05-18T17:09:16.191-03:00  INFO 7713 --- [api-base] [restartedMain] .s.d.r.c.RepositoryConfigurationDelegate : Finished Spring Data repository scanning in 102 ms. Found 4 JPA repository interfaces.
2025-05-18T17:09:16.724-03:00  INFO 7713 --- [api-base] [restartedMain] o.s.b.w.embedded.tomcat.TomcatWebServer  : Tomcat initialized with port 8081 (http)
2025-05-18T17:09:16.738-03:00  INFO 7713 --- [api-base] [restartedMain] o.apache.catalina.core.StandardService   : Starting service [Tomcat]
2025-05-18T17:09:16.739-03:00  INFO 7713 --- [api-base] [restartedMain] o.apache.catalina.core.StandardEngine    : Starting Servlet engine: [Apache Tomcat/10.1.30]
2025-05-18T17:09:16.774-03:00  INFO 7713 --- [api-base] [restartedMain] o.a.c.c.C.[Tomcat].[localhost].[/]       : Initializing Spring embedded WebApplicationContext
2025-05-18T17:09:16.775-03:00  INFO 7713 --- [api-base] [restartedMain] w.s.c.ServletWebServerApplicationContext : Root WebApplicationContext: initialization completed in 2053 ms
2025-05-18T17:09:16.796-03:00  INFO 7713 --- [api-base] [restartedMain] com.zaxxer.hikari.HikariDataSource       : HikariPool-1 - Starting...
2025-05-18T17:09:16.986-03:00  INFO 7713 --- [api-base] [restartedMain] com.zaxxer.hikari.pool.HikariPool        : HikariPool-1 - Added connection org.postgresql.jdbc.PgConnection@66a867c
2025-05-18T17:09:16.988-03:00  INFO 7713 --- [api-base] [restartedMain] com.zaxxer.hikari.HikariDataSource       : HikariPool-1 - Start completed.
2025-05-18T17:09:17.004-03:00  INFO 7713 --- [api-base] [restartedMain] o.s.b.a.h2.H2ConsoleAutoConfiguration    : H2 console available at '/h2-console'. Database available at 'jdbc:postgresql://localhost:5432/flexinventory'
2025-05-18T17:09:17.826-03:00  INFO 7713 --- [api-base] [restartedMain] o.s.o.j.p.SpringPersistenceUnitInfo      : No LoadTimeWeaver setup: ignoring JPA class transformer
2025-05-18T17:09:19.060-03:00  INFO 7713 --- [api-base] [restartedMain] j.LocalContainerEntityManagerFactoryBean : Initialized JPA EntityManagerFactory for persistence unit 'default'
2025-05-18T17:09:19.065-03:00  INFO 7713 --- [api-base] [restartedMain] c.u.f.base.Resource.ResourceItem         : --------------------| Handler Registry - Se a単ade el atributo: PROVEEDOR |--------------------
2025-05-18T17:09:19.284-03:00 DEBUG 7713 --- [api-base] [restartedMain] s.w.s.m.m.a.RequestMappingHandlerMapping : 25 mappings in 'requestMappingHandlerMapping'
2025-05-18T17:09:19.425-03:00 DEBUG 7713 --- [api-base] [restartedMain] o.s.w.s.handler.SimpleUrlHandlerMapping  : Patterns [/webjars/**, /**, /swagger-ui*/*swagger-initializer.js, /swagger-ui*/**] in 'resourceHandlerMapping'
2025-05-18T17:09:19.456-03:00 DEBUG 7713 --- [api-base] [restartedMain] s.w.s.m.m.a.RequestMappingHandlerAdapter : ControllerAdvice beans: 0 @ModelAttribute, 0 @InitBinder, 1 RequestBodyAdvice, 1 ResponseBodyAdvice
2025-05-18T17:09:19.473-03:00 DEBUG 7713 --- [api-base] [restartedMain] .m.m.a.ExceptionHandlerExceptionResolver : ControllerAdvice beans: 1 @ExceptionHandler, 1 ResponseBodyAdvice
2025-05-18T17:09:19.534-03:00  INFO 7713 --- [api-base] [restartedMain] o.s.b.d.a.OptionalLiveReloadServer       : LiveReload server is running on port 35729
2025-05-18T17:09:19.554-03:00  INFO 7713 --- [api-base] [restartedMain] o.s.b.w.embedded.tomcat.TomcatWebServer  : Tomcat started on port 8081 (http) with context path '/'
2025-05-18T17:09:19.563-03:00  INFO 7713 --- [api-base] [restartedMain] c.u.flexinventory.base.BaseApplication   : Started BaseApplication in 5.596 seconds (process running for 6.374)
